<?xml version="1.0" encoding="UTF-8"?>
<testsuite xmlns:xsi="http://www.w3.org/2001/XMLSchema-instance" xsi:noNamespaceSchemaLocation="https://maven.apache.org/surefire/maven-surefire-plugin/xsd/surefire-test-report-3.0.xsd" version="3.0" name="testRunner.TestRunner" time="18.565" tests="1" errors="0" skipped="0" failures="0">
  <properties>
[...]
</properties>
  <testcase name="runScenario[&quot;AccountCreation with valid Details&quot;, &quot;Account creation&quot;](1)" classname="testRunner.TestRunner" time="17.784">
    <system-out><![CDATA[
@Regression
Scenario Outline: AccountCreation with valid Details                                                                                                         &amp#27;[90m# Features/SignUp.feature:17&amp#27;[0m
  &amp#27;[32mGiven &amp#27;[0m&amp#27;[32mUser launch browser&amp#27;[0m                                                                                                                                  &amp#27;[90m# stepDefinitions.Steps.user_launch_browser()&amp#27;[0m
  &amp#27;[32mAnd &amp#27;[0m&amp#27;[32mOpens URL &amp#27;[0m&amp#27;[32m&amp#27;[1m"https://staging.dolbyio.com/"&amp#27;[0m                                                                                                               &amp#27;[90m# stepDefinitions.Steps.opens_url(java.lang.String)&amp#27;[0m
User is on Registration page
  &amp#27;[32mAnd &amp#27;[0m&amp#27;[32muser hits on SignUp and Navigate to signupwith email&amp#27;[0m                                                                                                   &amp#27;[90m# stepDefinitions.Steps.user_hits_on_sign_up_and_navigate_to_signupwith_email()&amp#27;[0m
  &amp#27;[32mWhen &amp#27;[0m&amp#27;[32muser hits on SignUpwithEmail&amp#27;[0m                                                                                                                          &amp#27;[90m# stepDefinitions.Steps.user_hits_on_sign_upwith_email()&amp#27;[0m
Valid Password
Password Match
  &amp#27;[32mAnd &amp#27;[0m&amp#27;[32muser enters firstname as &amp#27;[0m&amp#27;[32m&amp#27;[1m"Suresh"&amp#27;[0m&amp#27;[32m lastname as &amp#27;[0m&amp#27;[32m&amp#27;[1m"pari"&amp#27;[0m&amp#27;[32m email as &amp#27;[0m&amp#27;[32m&amp#27;[1m"Spari+randomstring1@dolby.com"&amp#27;[0m&amp#27;[32m password as &amp#27;[0m&amp#27;[32m&amp#27;[1m"A@d12345"&amp#27;[0m&amp#27;[32m and confirmpassword as &amp#27;[0m&amp#27;[32m&amp#27;[1m"A@d12345"&amp#27;[0m &amp#27;[90m# stepDefinitions.Steps.user_enters_firstname_as_lastname_as_email_as_password_as_and_confirmpassword_as(java.lang.String,java.lang.String,java.lang.String,java.lang.String,java.lang.String)&amp#27;[0m
Checkbox is checked
  &amp#27;[32mAnd &amp#27;[0m&amp#27;[32muser select terms and conditions checkbox&amp#27;[0m                                                                                                              &amp#27;[90m# stepDefinitions.Steps.user_select_terms_and_conditions_checkbox()&amp#27;[0m
  &amp#27;[32mAnd &amp#27;[0m&amp#27;[32muser select Captcha check box&amp#27;[0m                                                                                                                          &amp#27;[90m# stepDefinitions.Steps.user_select_captcha_check_box()&amp#27;[0m
  &amp#27;[32mAnd &amp#27;[0m&amp#27;[32muser hits on submit&amp#27;[0m                                                                                                                                    &amp#27;[90m# stepDefinitions.Steps.user_hits_on_submit()&amp#27;[0m
User is on dash board page
  &amp#27;[32mThen &amp#27;[0m&amp#27;[32muser is able to dashboard page&amp#27;[0m                                                                                                                        &amp#27;[90m# stepDefinitions.Steps.user_is_able_to_dashboard_page()&amp#27;[0m
Scenario status ======>PASSED
]]></system-out>
    <system-err><![CDATA[SLF4J: Failed to load class "org.slf4j.impl.StaticLoggerBinder".
SLF4J: Defaulting to no-operation (NOP) logger implementation
SLF4J: See http://www.slf4j.org/codes.html#StaticLoggerBinder for further details.
Jun 21, 2023 12:08:58 PM org.openqa.selenium.manager.SeleniumManager getDriverPath
INFO: Applicable driver not found; attempting to install with Selenium Manager (Beta)
Starting ChromeDriver 114.0.5735.90 (386bc09e8f4f2e025eddae123f36f6263096ae49-refs/branch-heads/5735@{#1052}) on port 2641
Only local connections are allowed.
Please see https://chromedriver.chromium.org/security-considerations for suggestions on keeping ChromeDriver safe.
ChromeDriver was started successfully.
Jun 21, 2023 12:09:00 PM org.openqa.selenium.devtools.CdpVersionFinder findNearestMatch
WARNING: Unable to find an exact match for CDP version 114, so returning the closest version found: 113
]]></system-err>
  </testcase>
</testsuite>